main.obj : error LNK2019: 无法解析的外部符号 _gladLoadGLLoader，函数 _main 中引用了该符号
main.obj : error LNK2019: 无法解析的外部符号 _glfwInit，函数 _main 中引用了该符号
main.obj : error LNK2019: 无法解析的外部符号 _glfwTerminate，函数 _main 中引用了该符号
main.obj : error LNK2019: 无法解析的外部符号 _glfwWindowHint，函数 _main 中引用了该符号
main.obj : error LNK2019: 无法解析的外部符号 _glfwCreateWindow，函数 _main 中引用了该符号
main.obj : error LNK2019: 无法解析的外部符号 _glfwWindowShouldClose，函数 _main 中引用了该符号
main.obj : error LNK2019: 无法解析的外部符号 _glfwSetWindowShouldClose，函数 "void __cdecl processInput(struct GLFWwindow *)" (?processInput@@YAXPAUGLFWwindow@@@Z) 中引用了该符号
main.obj : error LNK2019: 无法解析的外部符号 _glfwSetFramebufferSizeCallback，函数 _main 中引用了该符号
main.obj : error LNK2019: 无法解析的外部符号 _glfwPollEvents，函数 _main 中引用了该符号
main.obj : error LNK2019: 无法解析的外部符号 _glfwSetInputMode，函数 _main 中引用了该符号
main.obj : error LNK2019: 无法解析的外部符号 _glfwGetKey，函数 "void __cdecl processInput(struct GLFWwindow *)" (?processInput@@YAXPAUGLFWwindow@@@Z) 中引用了该符号
main.obj : error LNK2019: 无法解析的外部符号 _glfwSetCursorPosCallback，函数 _main 中引用了该符号
main.obj : error LNK2019: 无法解析的外部符号 _glfwSetScrollCallback，函数 _main 中引用了该符号
main.obj : error LNK2019: 无法解析的外部符号 _glfwGetTime，函数 _main 中引用了该符号
main.obj : error LNK2019: 无法解析的外部符号 _glfwMakeContextCurrent，函数 _main 中引用了该符号
main.obj : error LNK2019: 无法解析的外部符号 _glfwSwapBuffers，函数 _main 中引用了该符号
main.obj : error LNK2019: 无法解析的外部符号 _glfwGetProcAddress，函数 _main 中引用了该符号
main.obj : error LNK2019: 无法解析的外部符号 _stbi_load，函数 "unsigned int __cdecl TextureFromFile(char const *,class std::basic_string<char,struct std::char_traits<char>,class std::allocator<char> > const &,bool)" (?TextureFromFile@@YAIPBDABV?$basic_string@DU?$char_traits@D@std@@V?$allocator@D@2@@std@@_N@Z) 中引用了该符号
main.obj : error LNK2019: 无法解析的外部符号 _stbi_image_free，函数 "unsigned int __cdecl TextureFromFile(char const *,class std::basic_string<char,struct std::char_traits<char>,class std::allocator<char> > const &,bool)" (?TextureFromFile@@YAIPBDABV?$basic_string@DU?$char_traits@D@std@@V?$allocator@D@2@@std@@_N@Z) 中引用了该符号
main.obj : error LNK2019: 无法解析的外部符号 _stbi_set_flip_vertically_on_load，函数 _main 中引用了该符号
main.obj : error LNK2019: 无法解析的外部符号 "public: __thiscall Assimp::Importer::Importer(void)" (??0Importer@Assimp@@QAE@XZ)，函数 "private: void __thiscall Model::loadModel(class std::basic_string<char,struct std::char_traits<char>,class std::allocator<char> > const &)" (?loadModel@Model@@AAEXABV?$basic_string@DU?$char_traits@D@std@@V?$allocator@D@2@@std@@@Z) 中引用了该符号
main.obj : error LNK2019: 无法解析的外部符号 "public: __thiscall Assimp::Importer::~Importer(void)" (??1Importer@Assimp@@QAE@XZ)，函数 "private: void __thiscall Model::loadModel(class std::basic_string<char,struct std::char_traits<char>,class std::allocator<char> > const &)" (?loadModel@Model@@AAEXABV?$basic_string@DU?$char_traits@D@std@@V?$allocator@D@2@@std@@@Z) 中引用了该符号
main.obj : error LNK2019: 无法解析的外部符号 "public: struct aiScene const * __thiscall Assimp::Importer::ReadFile(char const *,unsigned int)" (?ReadFile@Importer@Assimp@@QAEPBUaiScene@@PBDI@Z)，函数 "public: struct aiScene const * __thiscall Assimp::Importer::ReadFile(class std::basic_string<char,struct std::char_traits<char>,class std::allocator<char> > const &,unsigned int)" (?ReadFile@Importer@Assimp@@QAEPBUaiScene@@ABV?$basic_string@DU?$char_traits@D@std@@V?$allocator@D@2@@std@@I@Z) 中引用了该符号
main.obj : error LNK2019: 无法解析的外部符号 "public: char const * __thiscall Assimp::Importer::GetErrorString(void)const " (?GetErrorString@Importer@Assimp@@QBEPBDXZ)，函数 "private: void __thiscall Model::loadModel(class std::basic_string<char,struct std::char_traits<char>,class std::allocator<char> > const &)" (?loadModel@Model@@AAEXABV?$basic_string@DU?$char_traits@D@std@@V?$allocator@D@2@@std@@@Z) 中引用了该符号
main.obj : error LNK2019: 无法解析的外部符号 _aiGetMaterialTextureCount，函数 "public: unsigned int __thiscall aiMaterial::GetTextureCount(enum aiTextureType)const " (?GetTextureCount@aiMaterial@@QBEIW4aiTextureType@@@Z) 中引用了该符号
main.obj : error LNK2019: 无法解析的外部符号 _aiGetMaterialTexture，函数 "public: enum aiReturn __thiscall aiMaterial::GetTexture(enum aiTextureType,unsigned int,struct aiString *,enum aiTextureMapping *,unsigned int *,float *,enum aiTextureOp *,enum aiTextureMapMode *)const " (?GetTexture@aiMaterial@@QBE?AW4aiReturn@@W4aiTextureType@@IPAUaiString@@PAW4aiTextureMapping@@PAIPAMPAW4aiTextureOp@@PAW4aiTextureMapMode@@@Z) 中引用了该符号
main.obj : error LNK2001: 无法解析的外部符号 _glad_glTexParameteri
main.obj : error LNK2001: 无法解析的外部符号 _glad_glTexImage2D
main.obj : error LNK2001: 无法解析的外部符号 _glad_glClear
main.obj : error LNK2001: 无法解析的外部符号 _glad_glClearColor
main.obj : error LNK2001: 无法解析的外部符号 _glad_glEnable
main.obj : error LNK2001: 无法解析的外部符号 _glad_glViewport
main.obj : error LNK2001: 无法解析的外部符号 _glad_glDrawElements
main.obj : error LNK2001: 无法解析的外部符号 _glad_glBindTexture
main.obj : error LNK2001: 无法解析的外部符号 _glad_glGenTextures
main.obj : error LNK2001: 无法解析的外部符号 _glad_glActiveTexture
main.obj : error LNK2001: 无法解析的外部符号 _glad_glBindBuffer
main.obj : error LNK2001: 无法解析的外部符号 _glad_glGenBuffers
main.obj : error LNK2001: 无法解析的外部符号 _glad_glBufferData
main.obj : error LNK2001: 无法解析的外部符号 _glad_glAttachShader
main.obj : error LNK2001: 无法解析的外部符号 _glad_glCompileShader
main.obj : error LNK2001: 无法解析的外部符号 _glad_glCreateProgram
main.obj : error LNK2001: 无法解析的外部符号 _glad_glCreateShader
main.obj : error LNK2001: 无法解析的外部符号 _glad_glDeleteShader
main.obj : error LNK2001: 无法解析的外部符号 _glad_glEnableVertexAttribArray
main.obj : error LNK2001: 无法解析的外部符号 _glad_glGetProgramiv
main.obj : error LNK2001: 无法解析的外部符号 _glad_glGetProgramInfoLog
main.obj : error LNK2001: 无法解析的外部符号 _glad_glGetShaderiv
main.obj : error LNK2001: 无法解析的外部符号 _glad_glGetShaderInfoLog
main.obj : error LNK2001: 无法解析的外部符号 _glad_glGetUniformLocation
main.obj : error LNK2001: 无法解析的外部符号 _glad_glLinkProgram
main.obj : error LNK2001: 无法解析的外部符号 _glad_glShaderSource
main.obj : error LNK2001: 无法解析的外部符号 _glad_glUseProgram
main.obj : error LNK2001: 无法解析的外部符号 _glad_glUniform1i
main.obj : error LNK2001: 无法解析的外部符号 _glad_glUniformMatrix4fv
main.obj : error LNK2001: 无法解析的外部符号 _glad_glVertexAttribPointer
main.obj : error LNK2001: 无法解析的外部符号 _glad_glVertexAttribIPointer
main.obj : error LNK2001: 无法解析的外部符号 _glad_glGenerateMipmap
main.obj : error LNK2001: 无法解析的外部符号 _glad_glBindVertexArray
main.obj : error LNK2001: 无法解析的外部符号 _glad_glGenVertexArrays
D:\CG_Projects\LearnOpenGL\Dependencies\libs\assimp-vc142-mt.lib : warning LNK4272: 库计算机类型“x64”与目标计算机类型“x86”冲突
D:\CG_Projects\LearnOpenGL\Dependencies\libs\glew32s.lib : warning LNK4272: 库计算机类型“x64”与目标计算机类型“x86”冲突
D:\CG_Projects\LearnOpenGL\Dependencies\libs\glfw3dll.lib : warning LNK4272: 库计算机类型“x64”与目标计算机类型“x86”冲突
D:\CG_Projects\LearnOpenGL\Dependencies\libs\glew32.lib : warning LNK4272: 库计算机类型“x64”与目标计算机类型“x86”冲突
D:\CG_Projects\LearnOpenGL\Dependencies\libs\glfw3.lib : warning LNK4272: 库计算机类型“x64”与目标计算机类型“x86”冲突
D:\CG_Projects\LearnOpenGL\Dependencies\libs\glut64.lib : warning LNK4272: 库计算机类型“x64”与目标计算机类型“x86”冲突
D:\CG_Projects\LearnOpenGL\Debug\LearnAssimp.exe : fatal error LNK1120: 60 个无法解析的外部命令
